process_shortreads v2.62, executed 2023-03-02 11:46:03 (zlib-1.2.7)
process_shortreads -P -1 Capture1_N1.reseq.R1.fastq.gz -2 Capture1_N1.reseq.R2.fastq.gz -o ../demux/samples/Capture1_N1_reseq/ -b ../barcodes/barcode.txt --inline_inline -r -c -q
File	Retained Reads	Low Quality	Ambiguous Barcodes	Trimmed Reads	Orphaned paired-end reads	Total
Capture1_N1.reseq.R1.fastq.gz	6	0	951748	0	0	951754

Total Sequences	951754
Ambiguous Barcodes	951748
Low Quality	0
Trimmed Reads	0
Orphaned Paired-ends	0
Retained Reads	6

Barcode	Filename	Total	Retained
ATCGCG-CGTGAT	Capture1	0	0	0
CGATGT-ACATCG	Capture2	2	2
TTAGGC-GCCTAA	Capture3	2	2
TGGCCA-TGGCCA	Capture4	2	2

Sequences not recorded
Barcode	Total
CGATGT-CGATGT	432822
CGATGT-GGGGGG	998
CGATGT-CGATGG	774
CGATGT-CGAGGT	686
AGATGT-CGATGT	546
CGAGGT-CGATGT	446
CGATGG-CGATGT	438
CGATGT-AGATGT	422
CGATGT-CGATGA	366
CGATGT-CGAAGT	310
CGATGT-CGATTT	300
CGATGT-CTATGT	292
CGAAGT-CGATGT	286
CTATGT-CGATGT	272
CGATGA-CGATGT	264
CGATTT-CGATGT	226
CGATGT-CGGGGG	158
CGATGT-CGATAT	156
CGATGT-CGGTGT	150
CAATGT-CGATGT	144
CGATGT-CGTTGT	136
CGATGT-CGATGC	114
CGATGT-CAATGT	112
CGATGT-CGCTGT	98
TTAGGC-TTAGGC	88
CGATAT-CGATGT	82
CGATGT-GATGTT	80
CGATGT-CGATGN	72
CGATGT-TGATGT	72
CGACGT-CGATGT	68
CGATGT-CCGATG	66
CGGTGT-CGATGT	66
CGATGT-CGGGGT	64
CGATGT-CGAGGG	62
CGATGT-CCATGT	62
CCATGT-CGATGT	62
CGATGT-CGATCT	60
CGATGT-GGGGGT	60
GGATGT-CGATGT	58
GATGTT-CGATGT	46
TGATGT-CGATGT	46
CGATGT-NGATGT	44
CGATGT-CGACGT	42
CGATGT-TCGATG	38
CGATGC-CGATGT	38
CGATGT-CNATGT	36
ATATTT-CGATGT	34
CGATGT-CGAATT	32
CATGTT-CGATGT	30
CGATGT-GGATGT	28
CGATGT-GGTGTT	28
TCGATG-CGATGT	28
CGATGT-CGGTTT	28
CGATGT-CTATGA	26
CGATCT-CGATGT	26
CGTTGT-CGATGT	24
GTTGCT-AAAAAA	24
CGATGT-CGGATG	24
CGATGT-CGAAGA	22
TCGTTG-AAAAAT	22
CGATGT-CGGTGG	22
CGTGTT-CGATGT	22
CGAGTT-CGATGT	22
TCTCCC-AAAAAC	20
CGATGT-GGGGTT	20
CGATGT-AGAAGT	20
GTCTTC-ATAAAA	20
GGGATT-AAAAAA	20
GGGTTT-TAAAAT	20
ACCTTA-AAAAAG	20
ACCTTC-AAAAAT	20
CGATGT-CGCGGT	20
CTCTCT-CGATGT	20
TATGTG-AAAAAT	20
TCTGTG-AAAAAA	20
GTTCAC-ATAAAA	18
GTCATT-ATAAAA	18
GTTTGT-ATAAAA	18
GGTCCT-TAATAA	18
TGGATT-ACAAAA	18
