process_shortreads v2.62, executed 2023-03-02 10:20:24 (zlib-1.2.7)
process_shortreads -P -1 Capture1_N1_R1.fastq.gz -2 Capture1_N1_R2.fastq.gz -o ../demux/samples/ -b ../barcodes/barcode.txt --inline_inline -r -c -q
File	Retained Reads	Low Quality	Ambiguous Barcodes	Trimmed Reads	Orphaned paired-end reads	Total
Capture1_N1_R1.fastq.gz	648	0	29671776	0	0	29672424

Total Sequences	29672424
Ambiguous Barcodes	29671776
Low Quality	0
Trimmed Reads	0
Orphaned Paired-ends	0
Retained Reads	648

Barcode	Filename	Total	Retained
ATCGCG-CGTGAT	Capture1	34	34
CGATGT-ACATCG	Capture2	310	310
TTAGGC-GCCTAA	Capture3	122	122
TGGCCA-TGGCCA	Capture4	182	182

Sequences not recorded
Barcode	Total
CGATGT-CGATGT	14620908
CGATGT-GGGGGG	32992
CGATGT-AGATGT	22422
CGATGT-CGATGG	19310
CGATGT-CGAGGT	15014
CGATGG-CGATGT	8156
CGAGGT-CGATGT	7078
CGATGT-CGATTT	6104
CGATGT-CGCTGT	5576
CGATGT-CGGGGG	5414
CGATGT-CGATGA	5340
CGATGT-CGGTGT	5044
CGATGT-CGATAT	4902
CGATGT-CAATGT	4452
CGATTT-CGATGT	4138
NGATGT-CGATGT	4036
CGATGT-CGAAGT	3922
CAATGT-CGATGT	3872
CGATGT-CTATGT	3770
AGATGT-CGATGT	3702
CGATGT-GATGTT	3312
CGATGT-CGTTGT	3300
CGATGT-CGATGC	3110
CGGTGT-CGATGT	2930
CTATGT-CGATGT	2712
CGATGA-CGATGT	2610
CGATGT-CGGGGT	2300
CGATGT-TCGATG	2246
CGATGT-TGATGT	2246
CGATAT-CGATGT	2206
CGATGT-CGACGT	2152
TTAGGC-TTAGGC	2092
CGATGT-CCGATG	2034
CGAAGT-CGATGT	1996
CGATGC-CGATGT	1896
CGACGT-CGATGT	1702
CGATGT-CGATCT	1698
TGATGT-CGATGT	1688
CGATGT-CGAGGG	1628
CGATGT-GGGGGT	1502
GATGTT-CGATGT	1198
CGCTGT-CGATGT	1160
CGATGT-GGTGTT	1096
CGATGT-GGGGTT	1034
CGATGT-CGGTGG	1024
CGTTGT-CGATGT	1012
CGATGT-CCATGT	1012
CCAACA-CGATGT	970
CATGTT-CGATGT	964
CGATGT-CATGTT	922
CGATGT-ATATGT	896
CGATGT-CGCTGG	832
CGTGTT-CGATGT	828
CGATGT-CGCGGT	828
CTCTCT-CGATGT	752
CGATGT-CGGTTT	726
CGATGT-GGATGT	712
CGATGT-CGAATT	692
CGATGT-CGGATG	684
CGATGT-CGAGTT	620
CGATGT-GGTTTT	604
GGATGT-CGATGT	594
CCGATG-CGATGT	578
CGATGT-AGAAGT	576
TCGATG-CGATGT	566
CGATGT-CGCGGG	564
CGATGT-AGATTT	546
CGATGT-CGTGTT	538
CGAGTT-CGATGT	532
CGATGT-AGATGA	528
CGGATG-CGATGT	456
CGATGT-GGGTGG	438
CGAATG-CGATGT	434
CGATGT-CTCTCT	408
CGATCT-CGATGT	406
CGATGT-AGATGG	398
CGATGT-CGATTA	398
CGATNT-CGATGT	386
CGATGT-CGTTGG	370
CGATTA-CGATGT	364
